<?xml version="1.0" encoding="UTF-8"?>
<testng-results ignored="0" total="1" passed="1" failed="0" skipped="0">
  <reporter-output>
  </reporter-output>
  <suite started-at="2020-01-22T15:07:39 IST" name="Default suite" finished-at="2020-01-22T15:08:06 IST" duration-ms="27234">
    <groups>
    </groups>
    <test started-at="2020-01-22T15:07:39 IST" name="Default test" finished-at="2020-01-22T15:08:06 IST" duration-ms="27234">
      <class name="windows">
        <test-method signature="frame()[pri:0, instance:windows@2cbb3d47]" started-at="2020-01-22T15:07:39 IST" name="frame" finished-at="2020-01-22T15:08:06 IST" duration-ms="27186" status="PASS">
          <reporter-output>
          </reporter-output>
        </test-method> <!-- frame -->
      </class> <!-- windows -->
    </test> <!-- Default test -->
  </suite> <!-- Default suite -->
</testng-results>
